<?xml version="1.0" encoding="UTF-8"?>
<!-- Generated by org.testng.reporters.JUnitXMLReporter -->
<testsuite hostname="LT062360" name="email" tests="3" failures="0" timestamp="5 Mar 2019 11:47:24 GMT" time="23.698" errors="0">
  <testcase name="CreateEmail" time="13.703" classname="test.java.EmailManagerTest"/>
  <testcase name="EditEmail" time="4.84" classname="test.java.EmailManagerTest"/>
  <testcase name="LogOut" time="5.152" classname="test.java.EmailManagerTest"/>
</testsuite> <!-- email -->
