<?xml version="1.0" encoding="UTF-8"?>
<!-- Generated by org.testng.reporters.JUnitXMLReporter -->
<testsuite hostname="LT062360" name="Login" tests="3" failures="0" timestamp="5 Mar 2019 11:45:33 GMT" time="13.448" errors="0">
  <testcase name="checkloginpage" time="3.792" classname="test.java.LoginTest"/>
  <testcase name="invalidLogin" time="3.426" classname="test.java.LoginTest"/>
  <testcase name="AdminvalidLogin" time="6.078" classname="test.java.LoginTest"/>
</testsuite> <!-- Login -->
