<?xml version="1.0" encoding="UTF-8"?>
<!-- Generated by org.testng.reporters.JUnitXMLReporter -->
<testsuite hostname="LT062360" name="supplier" tests="7" failures="0" timestamp="5 Mar 2019 11:46:39 GMT" time="66.559" errors="0">
  <testcase name="CreateNewSupplier" time="20.569" classname="test.java.supplierTest"/>
  <testcase name="CheckLOGforcreation" time="3.069" classname="test.java.supplierTest"/>
  <testcase name="EditNewSupplier" time="13.661" classname="test.java.supplierTest"/>
  <testcase name="CheckLOGformodification" time="3.037" classname="test.java.supplierTest"/>
  <testcase name="SendMailToSupplier" time="12.354" classname="test.java.supplierTest"/>
  <testcase name="DeleteSupplier" time="10.612" classname="test.java.supplierTest"/>
  <testcase name="CheckLOGfordelete" time="3.244" classname="test.java.supplierTest"/>
</testsuite> <!-- supplier -->
